android/app/build/intermediates/manifest_merge_blame_file/release/processReleaseMainManifest/manifest-merger-blame-release-report.txt
1<?xml version="1.0" encoding="utf-8"?>
2<manifest xmlns:android="http://schemas.android.com/apk/res/android"
3    package="com.barbershopconnect.app"
4    android:versionCode="1"
5    android:versionName="1.0" >
6
7    <uses-sdk
8        android:minSdkVersion="22"
9        android:targetSdkVersion="34" />
10
11    <!-- Permissions -->
12
13    <uses-permission android:name="android.permission.INTERNET" />
13-->src\main\AndroidManifest.xml:40:5-67
13-->src\main\AndroidManifest.xml:40:22-64
14    <uses-permission android:name="android.permission.VIBRATE" />
14-->[:capacitor-haptics] AndroidManifest.xml:7:5-66
14-->[:capacitor-haptics] AndroidManifest.xml:7:22-63
15    <uses-permission android:name="android.permission.ACCESS_NETWORK_STATE" />
15-->[com.google.firebase:firebase-messaging:23.3.1] AndroidManifest.xml:22:5-79
15-->[com.google.firebase:firebase-messaging:23.3.1] AndroidManifest.xml:22:22-76
16    <uses-permission android:name="android.permission.POST_NOTIFICATIONS" />
16-->[com.google.firebase:firebase-messaging:23.3.1] AndroidManifest.xml:23:5-77
16-->[com.google.firebase:firebase-messaging:23.3.1] AndroidManifest.xml:23:22-74
17    <uses-permission android:name="android.permission.WAKE_LOCK" /> <!-- Required by older versions of Google Play services to create IID tokens -->
17-->[com.google.firebase:firebase-messaging:23.3.1] AndroidManifest.xml:24:5-68
17-->[com.google.firebase:firebase-messaging:23.3.1] AndroidManifest.xml:24:22-65
18    <uses-permission android:name="com.google.android.c2dm.permission.RECEIVE" />
18-->[com.google.firebase:firebase-messaging:23.3.1] AndroidManifest.xml:26:5-82
18-->[com.google.firebase:firebase-messaging:23.3.1] AndroidManifest.xml:26:22-79
19
20    <permission
20-->[androidx.core:core:1.12.0] AndroidManifest.xml:22:5-24:47
21        android:name="com.barbershopconnect.app.DYNAMIC_RECEIVER_NOT_EXPORTED_PERMISSION"
21-->[androidx.core:core:1.12.0] AndroidManifest.xml:23:9-81
22        android:protectionLevel="signature" />
22-->[androidx.core:core:1.12.0] AndroidManifest.xml:24:9-44
23
24    <uses-permission android:name="com.barbershopconnect.app.DYNAMIC_RECEIVER_NOT_EXPORTED_PERMISSION" />
24-->[androidx.core:core:1.12.0] AndroidManifest.xml:26:5-97
24-->[androidx.core:core:1.12.0] AndroidManifest.xml:26:22-94
25
26    <application
26-->src\main\AndroidManifest.xml:4:5-36:19
27        android:allowBackup="true"
27-->src\main\AndroidManifest.xml:5:9-35
28        android:appComponentFactory="androidx.core.app.CoreComponentFactory"
28-->[androidx.core:core:1.12.0] AndroidManifest.xml:28:18-86
29        android:extractNativeLibs="true"
30        android:icon="@mipmap/ic_launcher"
30-->src\main\AndroidManifest.xml:6:9-43
31        android:label="@string/app_name"
31-->src\main\AndroidManifest.xml:7:9-41
32        android:roundIcon="@mipmap/ic_launcher_round"
32-->src\main\AndroidManifest.xml:8:9-54
33        android:supportsRtl="true"
33-->src\main\AndroidManifest.xml:9:9-35
34        android:theme="@style/AppTheme" >
34-->src\main\AndroidManifest.xml:10:9-40
35        <activity
35-->src\main\AndroidManifest.xml:12:9-25:20
36            android:name="com.barbershopconnect.app.MainActivity"
36-->src\main\AndroidManifest.xml:14:13-41
37            android:configChanges="orientation|keyboardHidden|keyboard|screenSize|locale|smallestScreenSize|screenLayout|uiMode"
37-->src\main\AndroidManifest.xml:13:13-129
38            android:exported="true"
38-->src\main\AndroidManifest.xml:18:13-36
39            android:label="@string/title_activity_main"
39-->src\main\AndroidManifest.xml:15:13-56
40            android:launchMode="singleTask"
40-->src\main\AndroidManifest.xml:17:13-44
41            android:theme="@style/AppTheme.NoActionBarLaunch" >
41-->src\main\AndroidManifest.xml:16:13-62
42            <intent-filter>
42-->src\main\AndroidManifest.xml:20:13-23:29
43                <action android:name="android.intent.action.MAIN" />
43-->src\main\AndroidManifest.xml:21:17-69
43-->src\main\AndroidManifest.xml:21:25-66
44
45                <category android:name="android.intent.category.LAUNCHER" />
45-->src\main\AndroidManifest.xml:22:17-77
45-->src\main\AndroidManifest.xml:22:27-74
46            </intent-filter>
47        </activity>
48
49        <provider
50            android:name="androidx.core.content.FileProvider"
50-->src\main\AndroidManifest.xml:28:13-62
51            android:authorities="com.barbershopconnect.app.fileprovider"
51-->src\main\AndroidManifest.xml:29:13-64
52            android:exported="false"
52-->src\main\AndroidManifest.xml:30:13-37
53            android:grantUriPermissions="true" >
53-->src\main\AndroidManifest.xml:31:13-47
54            <meta-data
54-->src\main\AndroidManifest.xml:32:13-34:64
55                android:name="android.support.FILE_PROVIDER_PATHS"
55-->src\main\AndroidManifest.xml:33:17-67
56                android:resource="@xml/file_paths" />
56-->src\main\AndroidManifest.xml:34:17-51
57        </provider>
58
59        <service
59-->[:capacitor-push-notifications] AndroidManifest.xml:8:9-14:19
60            android:name="com.capacitorjs.plugins.pushnotifications.MessagingService"
60-->[:capacitor-push-notifications] AndroidManifest.xml:9:13-86
61            android:exported="false" >
61-->[:capacitor-push-notifications] AndroidManifest.xml:10:13-37
62            <intent-filter>
62-->[:capacitor-push-notifications] AndroidManifest.xml:11:13-13:29
63                <action android:name="com.google.firebase.MESSAGING_EVENT" />
63-->[:capacitor-push-notifications] AndroidManifest.xml:12:17-78
63-->[:capacitor-push-notifications] AndroidManifest.xml:12:25-75
64            </intent-filter>
65        </service>
66
67        <receiver
67-->[com.google.firebase:firebase-messaging:23.3.1] AndroidManifest.xml:29:9-40:20
68            android:name="com.google.firebase.iid.FirebaseInstanceIdReceiver"
68-->[com.google.firebase:firebase-messaging:23.3.1] AndroidManifest.xml:30:13-78
69            android:exported="true"
69-->[com.google.firebase:firebase-messaging:23.3.1] AndroidManifest.xml:31:13-36
70            android:permission="com.google.android.c2dm.permission.SEND" >
70-->[com.google.firebase:firebase-messaging:23.3.1] AndroidManifest.xml:32:13-73
71            <intent-filter>
71-->[com.google.firebase:firebase-messaging:23.3.1] AndroidManifest.xml:33:13-35:29
72                <action android:name="com.google.android.c2dm.intent.RECEIVE" />
72-->[com.google.firebase:firebase-messaging:23.3.1] AndroidManifest.xml:34:17-81
72-->[com.google.firebase:firebase-messaging:23.3.1] AndroidManifest.xml:34:25-78
73            </intent-filter>
74
75            <meta-data
75-->[com.google.firebase:firebase-messaging:23.3.1] AndroidManifest.xml:37:13-39:40
76                android:name="com.google.android.gms.cloudmessaging.FINISHED_AFTER_HANDLED"
76-->[com.google.firebase:firebase-messaging:23.3.1] AndroidManifest.xml:38:17-92
77                android:value="true" />
77-->[com.google.firebase:firebase-messaging:23.3.1] AndroidManifest.xml:39:17-37
78        </receiver>
79        <!--
80             FirebaseMessagingService performs security checks at runtime,
81             but set to not exported to explicitly avoid allowing another app to call it.
82        -->
83        <service
83-->[com.google.firebase:firebase-messaging:23.3.1] AndroidManifest.xml:46:9-53:19
84            android:name="com.google.firebase.messaging.FirebaseMessagingService"
84-->[com.google.firebase:firebase-messaging:23.3.1] AndroidManifest.xml:47:13-82
85            android:directBootAware="true"
85-->[com.google.firebase:firebase-messaging:23.3.1] AndroidManifest.xml:48:13-43
86            android:exported="false" >
86-->[com.google.firebase:firebase-messaging:23.3.1] AndroidManifest.xml:49:13-37
87            <intent-filter android:priority="-500" >
87-->[:capacitor-push-notifications] AndroidManifest.xml:11:13-13:29
88                <action android:name="com.google.firebase.MESSAGING_EVENT" />
88-->[:capacitor-push-notifications] AndroidManifest.xml:12:17-78
88-->[:capacitor-push-notifications] AndroidManifest.xml:12:25-75
89            </intent-filter>
90        </service>
91        <service
91-->[com.google.firebase:firebase-messaging:23.3.1] AndroidManifest.xml:54:9-63:19
92            android:name="com.google.firebase.components.ComponentDiscoveryService"
92-->[com.google.firebase:firebase-messaging:23.3.1] AndroidManifest.xml:55:13-84
93            android:directBootAware="true"
93-->[com.google.firebase:firebase-common:20.4.2] AndroidManifest.xml:32:13-43
94            android:exported="false" >
94-->[com.google.firebase:firebase-messaging:23.3.1] AndroidManifest.xml:56:13-37
95            <meta-data
95-->[com.google.firebase:firebase-messaging:23.3.1] AndroidManifest.xml:57:13-59:85
96                android:name="com.google.firebase.components:com.google.firebase.messaging.FirebaseMessagingKtxRegistrar"
96-->[com.google.firebase:firebase-messaging:23.3.1] AndroidManifest.xml:58:17-122
97                android:value="com.google.firebase.components.ComponentRegistrar" />
97-->[com.google.firebase:firebase-messaging:23.3.1] AndroidManifest.xml:59:17-82
98            <meta-data
98-->[com.google.firebase:firebase-messaging:23.3.1] AndroidManifest.xml:60:13-62:85
99                android:name="com.google.firebase.components:com.google.firebase.messaging.FirebaseMessagingRegistrar"
99-->[com.google.firebase:firebase-messaging:23.3.1] AndroidManifest.xml:61:17-119
100                android:value="com.google.firebase.components.ComponentRegistrar" />
100-->[com.google.firebase:firebase-messaging:23.3.1] AndroidManifest.xml:62:17-82
101            <meta-data
101-->[com.google.firebase:firebase-installations:17.2.0] AndroidManifest.xml:15:13-17:85
102                android:name="com.google.firebase.components:com.google.firebase.installations.FirebaseInstallationsKtxRegistrar"
102-->[com.google.firebase:firebase-installations:17.2.0] AndroidManifest.xml:16:17-130
103                android:value="com.google.firebase.components.ComponentRegistrar" />
103-->[com.google.firebase:firebase-installations:17.2.0] AndroidManifest.xml:17:17-82
104            <meta-data
104-->[com.google.firebase:firebase-installations:17.2.0] AndroidManifest.xml:18:13-20:85
105                android:name="com.google.firebase.components:com.google.firebase.installations.FirebaseInstallationsRegistrar"
105-->[com.google.firebase:firebase-installations:17.2.0] AndroidManifest.xml:19:17-127
106                android:value="com.google.firebase.components.ComponentRegistrar" />
106-->[com.google.firebase:firebase-installations:17.2.0] AndroidManifest.xml:20:17-82
107            <meta-data
107-->[com.google.firebase:firebase-common-ktx:20.4.2] AndroidManifest.xml:12:13-14:85
108                android:name="com.google.firebase.components:com.google.firebase.ktx.FirebaseCommonLegacyRegistrar"
108-->[com.google.firebase:firebase-common-ktx:20.4.2] AndroidManifest.xml:13:17-116
109                android:value="com.google.firebase.components.ComponentRegistrar" />
109-->[com.google.firebase:firebase-common-ktx:20.4.2] AndroidManifest.xml:14:17-82
110            <meta-data
110-->[com.google.firebase:firebase-common:20.4.2] AndroidManifest.xml:35:13-37:85
111                android:name="com.google.firebase.components:com.google.firebase.FirebaseCommonKtxRegistrar"
111-->[com.google.firebase:firebase-common:20.4.2] AndroidManifest.xml:36:17-109
112                android:value="com.google.firebase.components.ComponentRegistrar" />
112-->[com.google.firebase:firebase-common:20.4.2] AndroidManifest.xml:37:17-82
113            <meta-data
113-->[com.google.firebase:firebase-datatransport:18.1.7] AndroidManifest.xml:27:13-29:85
114                android:name="com.google.firebase.components:com.google.firebase.datatransport.TransportRegistrar"
114-->[com.google.firebase:firebase-datatransport:18.1.7] AndroidManifest.xml:28:17-115
115                android:value="com.google.firebase.components.ComponentRegistrar" />
115-->[com.google.firebase:firebase-datatransport:18.1.7] AndroidManifest.xml:29:17-82
116        </service>
117
118        <activity
118-->[com.google.android.gms:play-services-base:18.0.1] AndroidManifest.xml:20:9-22:45
119            android:name="com.google.android.gms.common.api.GoogleApiActivity"
119-->[com.google.android.gms:play-services-base:18.0.1] AndroidManifest.xml:20:19-85
120            android:exported="false"
120-->[com.google.android.gms:play-services-base:18.0.1] AndroidManifest.xml:22:19-43
121            android:theme="@android:style/Theme.Translucent.NoTitleBar" />
121-->[com.google.android.gms:play-services-base:18.0.1] AndroidManifest.xml:21:19-78
122
123        <provider
123-->[com.google.firebase:firebase-common:20.4.2] AndroidManifest.xml:23:9-28:39
124            android:name="com.google.firebase.provider.FirebaseInitProvider"
124-->[com.google.firebase:firebase-common:20.4.2] AndroidManifest.xml:24:13-77
125            android:authorities="com.barbershopconnect.app.firebaseinitprovider"
125-->[com.google.firebase:firebase-common:20.4.2] AndroidManifest.xml:25:13-72
126            android:directBootAware="true"
126-->[com.google.firebase:firebase-common:20.4.2] AndroidManifest.xml:26:13-43
127            android:exported="false"
127-->[com.google.firebase:firebase-common:20.4.2] AndroidManifest.xml:27:13-37
128            android:initOrder="100" />
128-->[com.google.firebase:firebase-common:20.4.2] AndroidManifest.xml:28:13-36
129        <provider
129-->[androidx.emoji2:emoji2:1.2.0] AndroidManifest.xml:24:9-32:20
130            android:name="androidx.startup.InitializationProvider"
130-->[androidx.emoji2:emoji2:1.2.0] AndroidManifest.xml:25:13-67
131            android:authorities="com.barbershopconnect.app.androidx-startup"
131-->[androidx.emoji2:emoji2:1.2.0] AndroidManifest.xml:26:13-68
132            android:exported="false" >
132-->[androidx.emoji2:emoji2:1.2.0] AndroidManifest.xml:27:13-37
133            <meta-data
133-->[androidx.emoji2:emoji2:1.2.0] AndroidManifest.xml:29:13-31:52
134                android:name="androidx.emoji2.text.EmojiCompatInitializer"
134-->[androidx.emoji2:emoji2:1.2.0] AndroidManifest.xml:30:17-75
135                android:value="androidx.startup" />
135-->[androidx.emoji2:emoji2:1.2.0] AndroidManifest.xml:31:17-49
136            <meta-data
136-->[androidx.lifecycle:lifecycle-process:2.6.1] AndroidManifest.xml:29:13-31:52
137                android:name="androidx.lifecycle.ProcessLifecycleInitializer"
137-->[androidx.lifecycle:lifecycle-process:2.6.1] AndroidManifest.xml:30:17-78
138                android:value="androidx.startup" />
138-->[androidx.lifecycle:lifecycle-process:2.6.1] AndroidManifest.xml:31:17-49
139            <meta-data
139-->[androidx.profileinstaller:profileinstaller:1.3.0] AndroidManifest.xml:29:13-31:52
140                android:name="androidx.profileinstaller.ProfileInstallerInitializer"
140-->[androidx.profileinstaller:profileinstaller:1.3.0] AndroidManifest.xml:30:17-85
141                android:value="androidx.startup" />
141-->[androidx.profileinstaller:profileinstaller:1.3.0] AndroidManifest.xml:31:17-49
142        </provider>
143
144        <meta-data
144-->[com.google.android.gms:play-services-basement:18.1.0] AndroidManifest.xml:21:9-23:69
145            android:name="com.google.android.gms.version"
145-->[com.google.android.gms:play-services-basement:18.1.0] AndroidManifest.xml:22:13-58
146            android:value="@integer/google_play_services_version" />
146-->[com.google.android.gms:play-services-basement:18.1.0] AndroidManifest.xml:23:13-66
147
148        <receiver
148-->[androidx.profileinstaller:profileinstaller:1.3.0] AndroidManifest.xml:34:9-52:20
149            android:name="androidx.profileinstaller.ProfileInstallReceiver"
149-->[androidx.profileinstaller:profileinstaller:1.3.0] AndroidManifest.xml:35:13-76
150            android:directBootAware="false"
150-->[androidx.profileinstaller:profileinstaller:1.3.0] AndroidManifest.xml:36:13-44
151            android:enabled="true"
151-->[androidx.profileinstaller:profileinstaller:1.3.0] AndroidManifest.xml:37:13-35
152            android:exported="true"
152-->[androidx.profileinstaller:profileinstaller:1.3.0] AndroidManifest.xml:38:13-36
153            android:permission="android.permission.DUMP" >
153-->[androidx.profileinstaller:profileinstaller:1.3.0] AndroidManifest.xml:39:13-57
154            <intent-filter>
154-->[androidx.profileinstaller:profileinstaller:1.3.0] AndroidManifest.xml:40:13-42:29
155                <action android:name="androidx.profileinstaller.action.INSTALL_PROFILE" />
155-->[androidx.profileinstaller:profileinstaller:1.3.0] AndroidManifest.xml:41:17-91
155-->[androidx.profileinstaller:profileinstaller:1.3.0] AndroidManifest.xml:41:25-88
156            </intent-filter>
157            <intent-filter>
157-->[androidx.profileinstaller:profileinstaller:1.3.0] AndroidManifest.xml:43:13-45:29
158                <action android:name="androidx.profileinstaller.action.SKIP_FILE" />
158-->[androidx.profileinstaller:profileinstaller:1.3.0] AndroidManifest.xml:44:17-85
158-->[androidx.profileinstaller:profileinstaller:1.3.0] AndroidManifest.xml:44:25-82
159            </intent-filter>
160            <intent-filter>
160-->[androidx.profileinstaller:profileinstaller:1.3.0] AndroidManifest.xml:46:13-48:29
161                <action android:name="androidx.profileinstaller.action.SAVE_PROFILE" />
161-->[androidx.profileinstaller:profileinstaller:1.3.0] AndroidManifest.xml:47:17-88
161-->[androidx.profileinstaller:profileinstaller:1.3.0] AndroidManifest.xml:47:25-85
162            </intent-filter>
163            <intent-filter>
163-->[androidx.profileinstaller:profileinstaller:1.3.0] AndroidManifest.xml:49:13-51:29
164                <action android:name="androidx.profileinstaller.action.BENCHMARK_OPERATION" />
164-->[androidx.profileinstaller:profileinstaller:1.3.0] AndroidManifest.xml:50:17-95
164-->[androidx.profileinstaller:profileinstaller:1.3.0] AndroidManifest.xml:50:25-92
165            </intent-filter>
166        </receiver>
167
168        <service
168-->[com.google.android.datatransport:transport-backend-cct:3.1.8] AndroidManifest.xml:28:9-34:19
169            android:name="com.google.android.datatransport.runtime.backends.TransportBackendDiscovery"
169-->[com.google.android.datatransport:transport-backend-cct:3.1.8] AndroidManifest.xml:29:13-103
170            android:exported="false" >
170-->[com.google.android.datatransport:transport-backend-cct:3.1.8] AndroidManifest.xml:30:13-37
171            <meta-data
171-->[com.google.android.datatransport:transport-backend-cct:3.1.8] AndroidManifest.xml:31:13-33:39
172                android:name="backend:com.google.android.datatransport.cct.CctBackendFactory"
172-->[com.google.android.datatransport:transport-backend-cct:3.1.8] AndroidManifest.xml:32:17-94
173                android:value="cct" />
173-->[com.google.android.datatransport:transport-backend-cct:3.1.8] AndroidManifest.xml:33:17-36
174        </service>
175        <service
175-->[com.google.android.datatransport:transport-runtime:3.1.8] AndroidManifest.xml:26:9-30:19
176            android:name="com.google.android.datatransport.runtime.scheduling.jobscheduling.JobInfoSchedulerService"
176-->[com.google.android.datatransport:transport-runtime:3.1.8] AndroidManifest.xml:27:13-117
177            android:exported="false"
177-->[com.google.android.datatransport:transport-runtime:3.1.8] AndroidManifest.xml:28:13-37
178            android:permission="android.permission.BIND_JOB_SERVICE" >
178-->[com.google.android.datatransport:transport-runtime:3.1.8] AndroidManifest.xml:29:13-69
179        </service>
180
181        <receiver
181-->[com.google.android.datatransport:transport-runtime:3.1.8] AndroidManifest.xml:32:9-34:40
182            android:name="com.google.android.datatransport.runtime.scheduling.jobscheduling.AlarmManagerSchedulerBroadcastReceiver"
182-->[com.google.android.datatransport:transport-runtime:3.1.8] AndroidManifest.xml:33:13-132
183            android:exported="false" />
183-->[com.google.android.datatransport:transport-runtime:3.1.8] AndroidManifest.xml:34:13-37
184    </application>
185
186</manifest>